Collecting package metadata (current_repodata.json): ...working... done
Solving environment: ...working... done

# All requested packages already installed.

┌ Warning: RCall.jl: Loading required package: lattice
│ Loading required package: ggplot2
└ @ RCall ~/.julia/packages/RCall/iojZI/src/io.jl:113
┌ Warning: RCall.jl: Loading required package: Formula
│ Loading required package: plotmo
│ Loading required package: plotrix
│ Loading required package: TeachingDemos
└ @ RCall ~/.julia/packages/RCall/iojZI/src/io.jl:113
┌ Warning: RCall.jl: Loading required package: class
│ Loaded mda 0.4-10
│ 
└ @ RCall ~/.julia/packages/RCall/iojZI/src/io.jl:113
┌ Warning: RCall.jl: Loading required package: splines
│ Loading required package: foreach
│ Loaded gam 1.16
│ 
└ @ RCall ~/.julia/packages/RCall/iojZI/src/io.jl:113
┌ Warning: RCall.jl: randomForest 4.6-14
│ Type rfNews() to see new features/changes/bug fixes.
│ 
│ Attaching package: ‘randomForest’
│ 
│ The following object is masked from ‘package:ggplot2’:
│ 
│     margin
│ 
└ @ RCall ~/.julia/packages/RCall/iojZI/src/io.jl:113
┌ Warning: RCall.jl: 
│ Attaching package: ‘kernlab’
│ 
│ The following object is masked from ‘package:ggplot2’:
│ 
│     alpha
│ 
└ @ RCall ~/.julia/packages/RCall/iojZI/src/io.jl:113
┌ Warning: RCall.jl: 
│ Attaching package: ‘pls’
│ 
│ The following object is masked from ‘package:caret’:
│ 
│     R2
│ 
│ The following object is masked from ‘package:stats’:
│ 
│     loadings
│ 
└ @ RCall ~/.julia/packages/RCall/iojZI/src/io.jl:113
[ Info: Running `conda install -y scikit-learn` in root environment
